build/app/intermediates/manifest_merge_blame_file/debug/manifest-merger-blame-debug-report.txt
1<?xml version="1.0" encoding="utf-8"?>
2<manifest xmlns:android="http://schemas.android.com/apk/res/android"
3    package="com.example.contaduria"
4    android:versionCode="1"
5    android:versionName="0.1.0" >
6
7    <uses-sdk
8        android:minSdkVersion="21"
9        android:targetSdkVersion="33" />
10
11    <uses-permission android:name="android.permission.INTERNET" />
11-->src/debug/AndroidManifest.xml:3:5-66
11-->src/debug/AndroidManifest.xml:3:22-64
12    <uses-permission android:name="android.permission.READ_EXTERNAL_STORAGE" />
12-->src/main/AndroidManifest.xml:3:5-79
12-->src/main/AndroidManifest.xml:3:22-77
13    <uses-permission android:name="android.permission.WRITE_EXTERNAL_STORAGE" />
13-->src/main/AndroidManifest.xml:4:5-80
13-->src/main/AndroidManifest.xml:4:22-78
14
15    <application
16        android:name="android.app.Application"
17        android:appComponentFactory="androidx.core.app.CoreComponentFactory"
17-->[androidx.core:core:1.6.0] AndroidManifest.xml:24:18-86
18        android:debuggable="true"
19        android:icon="@mipmap/ic_launcher"
20        android:label="contaduria" >
21        <activity
22            android:name="com.example.contaduria.MainActivity"
23            android:configChanges="orientation|keyboardHidden|keyboard|screenSize|smallestScreenSize|locale|layoutDirection|fontScale|screenLayout|density|uiMode"
24            android:exported="true"
25            android:hardwareAccelerated="true"
26            android:launchMode="singleTop"
27            android:theme="@style/LaunchTheme"
28            android:windowSoftInputMode="adjustResize" >
29            <meta-data
30                android:name="io.flutter.embedding.android.NormalTheme"
31                android:resource="@style/NormalTheme" />
32
33            <intent-filter>
34                <action android:name="android.intent.action.MAIN" />
35
36                <category android:name="android.intent.category.LAUNCHER" />
37            </intent-filter>
38        </activity>
39
40        <meta-data
41            android:name="flutterEmbedding"
42            android:value="2" />
43
44        <activity
44-->[:url_launcher_android] AndroidManifest.xml:10:9-13:74
45            android:name="io.flutter.plugins.urllauncher.WebViewActivity"
45-->[:url_launcher_android] AndroidManifest.xml:11:13-74
46            android:exported="false"
46-->[:url_launcher_android] AndroidManifest.xml:12:13-37
47            android:theme="@android:style/Theme.NoTitleBar.Fullscreen" />
47-->[:url_launcher_android] AndroidManifest.xml:13:13-71
48
49        <provider
49-->[:flutter_mailer] AndroidManifest.xml:10:9-18:20
50            android:name="com.dataxad.flutter_mailer.FlutterMailerFileProvider"
50-->[:flutter_mailer] AndroidManifest.xml:11:13-80
51            android:authorities="com.example.contaduria.adv_provider"
51-->[:flutter_mailer] AndroidManifest.xml:12:13-64
52            android:exported="false"
52-->[:flutter_mailer] AndroidManifest.xml:13:13-37
53            android:grantUriPermissions="true" >
53-->[:flutter_mailer] AndroidManifest.xml:14:13-47
54            <meta-data
54-->[:flutter_mailer] AndroidManifest.xml:15:13-17:64
55                android:name="android.support.FILE_PROVIDER_PATHS"
55-->[:flutter_mailer] AndroidManifest.xml:16:17-67
56                android:resource="@xml/flutter_mailer_paths" />
56-->[:flutter_mailer] AndroidManifest.xml:17:17-61
57        </provider>
58
59        <uses-library
59-->[androidx.window:window:1.0.0-beta04] AndroidManifest.xml:25:9-27:40
60            android:name="androidx.window.extensions"
60-->[androidx.window:window:1.0.0-beta04] AndroidManifest.xml:26:13-54
61            android:required="false" />
61-->[androidx.window:window:1.0.0-beta04] AndroidManifest.xml:27:13-37
62        <uses-library
62-->[androidx.window:window:1.0.0-beta04] AndroidManifest.xml:28:9-30:40
63            android:name="androidx.window.sidecar"
63-->[androidx.window:window:1.0.0-beta04] AndroidManifest.xml:29:13-51
64            android:required="false" />
64-->[androidx.window:window:1.0.0-beta04] AndroidManifest.xml:30:13-37
65    </application>
66
67</manifest>